<?xml version="1.0" encoding="UTF-8"?>
<!-- Generated by org.testng.reporters.JUnitReportReporter -->
<testsuite hostname="Sohail-PC" failures="0" tests="5" name="com.rest.spotify.oauth2.tests.PlaylistTests" time="26.047" errors="0" timestamp="2022-12-26T13:28:22 IST" skipped="0">
  <testcase classname="com.rest.spotify.oauth2.tests.PlaylistTests" name="getCreatedPlaylist" time="5.865"/>
  <system-out/>
  <testcase classname="com.rest.spotify.oauth2.tests.PlaylistTests" name="createPlaylistWithExpiredToken" time="3.422"/>
  <system-out/>
  <testcase classname="com.rest.spotify.oauth2.tests.PlaylistTests" name="createPlaylist" time="5.544"/>
  <system-out/>
  <testcase classname="com.rest.spotify.oauth2.tests.PlaylistTests" name="createPlaylistWithoutName" time="5.323"/>
  <system-out/>
  <testcase classname="com.rest.spotify.oauth2.tests.PlaylistTests" name="updateCreatedPlaylist" time="5.893"/>
  <system-out/>
</testsuite> <!-- com.rest.spotify.oauth2.tests.PlaylistTests -->
